<?xml version="1.0" encoding="UTF-8"?>
<testng-results skipped="0" failed="0" ignored="0" total="3" passed="3">
  <reporter-output>
  </reporter-output>
  <suite name="Default suite" duration-ms="27099" started-at="2024-12-06T06:50:00Z" finished-at="2024-12-06T06:50:27Z">
    <groups>
      <group name="cucumber">
        <method signature="AbstractTestNGCucumberTests.runScenario(io.cucumber.testng.PickleWrapper, io.cucumber.testng.FeatureWrapper)[pri:0, instance:Runner.CustomerRun@6fd02e5]" name="runScenario" class="io.cucumber.testng.AbstractTestNGCucumberTests"/>
      </group> <!-- cucumber -->
    </groups>
    <test name="Default test" duration-ms="27099" started-at="2024-12-06T06:50:00Z" finished-at="2024-12-06T06:50:27Z">
      <class name="Runner.CustomerRun">
        <test-method status="PASS" signature="setUpClass(org.testng.ITestContext)[pri:0, instance:Runner.CustomerRun@6fd02e5]" name="setUpClass" is-config="true" duration-ms="677" started-at="2024-12-06T12:20:00Z" finished-at="2024-12-06T12:20:00Z">
          <params>
            <param index="0">
              <value>
                <![CDATA[org.testng.TestRunner@30839e44]]>
              </value>
            </param>
          </params>
          <reporter-output>
          </reporter-output>
        </test-method> <!-- setUpClass -->
        <test-method status="PASS" signature="runScenario(io.cucumber.testng.PickleWrapper, io.cucumber.testng.FeatureWrapper)[pri:0, instance:Runner.CustomerRun@6fd02e5]" name="runScenario" duration-ms="8920" started-at="2024-12-06T12:20:00Z" description="Runs Cucumber Scenarios" data-provider="scenarios" finished-at="2024-12-06T12:20:09Z">
          <params>
            <param index="0">
              <value>
                <![CDATA["Creation of Individual Customer"]]>
              </value>
            </param>
            <param index="1">
              <value>
                <![CDATA["Individual Customer Scenarios"]]>
              </value>
            </param>
          </params>
          <reporter-output>
          </reporter-output>
        </test-method> <!-- runScenario -->
        <test-method status="PASS" signature="runScenario(io.cucumber.testng.PickleWrapper, io.cucumber.testng.FeatureWrapper)[pri:0, instance:Runner.CustomerRun@6fd02e5]" name="runScenario" duration-ms="1737" started-at="2024-12-06T12:20:09Z" description="Runs Cucumber Scenarios" data-provider="scenarios" finished-at="2024-12-06T12:20:11Z">
          <params>
            <param index="0">
              <value>
                <![CDATA["Fetching the Created Customer"]]>
              </value>
            </param>
            <param index="1">
              <value>
                <![CDATA["Individual Customer Scenarios"]]>
              </value>
            </param>
          </params>
          <reporter-output>
          </reporter-output>
        </test-method> <!-- runScenario -->
        <test-method status="PASS" signature="runScenario(io.cucumber.testng.PickleWrapper, io.cucumber.testng.FeatureWrapper)[pri:0, instance:Runner.CustomerRun@6fd02e5]" name="runScenario" duration-ms="14346" started-at="2024-12-06T12:20:11Z" description="Runs Cucumber Scenarios" data-provider="scenarios" finished-at="2024-12-06T12:20:25Z">
          <params>
            <param index="0">
              <value>
                <![CDATA["Creation of Current Accounts CUR01 with KWD Currency"]]>
              </value>
            </param>
            <param index="1">
              <value>
                <![CDATA["Account Creation Scenarios"]]>
              </value>
            </param>
          </params>
          <reporter-output>
          </reporter-output>
        </test-method> <!-- runScenario -->
        <test-method status="PASS" signature="tearDownClass()[pri:0, instance:Runner.CustomerRun@6fd02e5]" name="tearDownClass" is-config="true" duration-ms="1398" started-at="2024-12-06T12:20:25Z" finished-at="2024-12-06T12:20:27Z">
          <reporter-output>
          </reporter-output>
        </test-method> <!-- tearDownClass -->
      </class> <!-- Runner.CustomerRun -->
    </test> <!-- Default test -->
  </suite> <!-- Default suite -->
</testng-results>
